<?xml version="1.0" encoding="UTF-8" ?>
<testsuite tests="4" failures="0" name="br.edu.utfpr.dao.TestaClienteDAO" time="1.209" errors="0" skipped="0">
  <properties>
[...]
</properties>
  <testcase classname="br.edu.utfpr.dao.TestaClienteDAO" name="testaExcluir" time="0.161"/>
  <testcase classname="br.edu.utfpr.dao.TestaClienteDAO" name="testaAlterar" time="0.017"/>
  <testcase classname="br.edu.utfpr.dao.TestaClienteDAO" name="testaListar" time="0.005"/>
  <testcase classname="br.edu.utfpr.dao.TestaClienteDAO" name="testaInserir" time="0.001"/>
</testsuite>